<?xml version="1.0" encoding="UTF-8"?>
<!-- Generated by org.testng.reporters.JUnitReportReporter -->
<testsuite skipped="0" hostname="DESKTOP-I9EH401" name="com.qa.automation.test.SignUpClass_Test" tests="1" failures="0" timestamp="11 Dec 2021 08:07:18 GMT" time="2.080" errors="0">
  <testcase name="loginTest" time="2.080" classname="com.qa.automation.test.SignUpClass_Test"/>
</testsuite> <!-- com.qa.automation.test.SignUpClass_Test -->
