<?xml version="1.0" encoding="UTF-8"?>
<!-- Generated by org.testng.reporters.JUnitReportReporter -->
<testsuite skipped="0" hostname="DESKTOP-I9EH401" name="POM.RunnerClass" tests="1" failures="0" timestamp="15 Dec 2021 08:39:39 GMT" time="37.804" errors="0">
  <testcase name="runnerClass" time="37.804" classname="POM.RunnerClass"/>
</testsuite> <!-- POM.RunnerClass -->
