<?xml version="1.0" encoding="UTF-8"?>
<!-- Generated by org.testng.reporters.JUnitReportReporter -->
<testsuite skipped="0" hostname="DESKTOP-I9EH401" name="com.qa.automation.test.RegistrationClass_Test" tests="1" failures="0" timestamp="12 Dec 2021 07:58:09 GMT" time="2.458" errors="0">
  <testcase name="registrationClass_page_doEnter" time="2.458" classname="com.qa.automation.test.RegistrationClass_Test"/>
</testsuite> <!-- com.qa.automation.test.RegistrationClass_Test -->
