<?xml version="1.0" encoding="UTF-8"?>
<!-- Generated by org.testng.reporters.JUnitReportReporter -->
<testsuite skipped="0" hostname="DESKTOP-I9EH401" name="com.qa.automation.test.ContinuedeleteClass_Test" tests="1" failures="0" timestamp="13 Dec 2021 09:05:11 GMT" time="6.769" errors="0">
  <testcase name="ContinuedeleteClass_page_doContinue" time="6.769" classname="com.qa.automation.test.ContinuedeleteClass_Test"/>
</testsuite> <!-- com.qa.automation.test.ContinuedeleteClass_Test -->
