<?xml version="1.0" encoding="UTF-8"?>
<!-- Generated by org.testng.reporters.JUnitReportReporter -->
<testsuite skipped="0" hostname="DESKTOP-I9EH401" name="POM2.RunnerClass_page" tests="1" failures="0" timestamp="15 Dec 2021 09:44:45 GMT" time="7.358" errors="0">
  <testcase name="RunnerClass_page" time="7.358" classname="POM2.RunnerClass_page"/>
</testsuite> <!-- POM2.RunnerClass_page -->
